2016-10-12_10:43:23  START: Start of oud_backup.sh (Version 0.1) with 
2016-10-12_10:43:23  INFO : Usage, oud_backup.sh [-hv -t <TYPE> -m <MAILADDRESSES>]
2016-10-12_10:43:23  INFO :   -h                 Usage (this message
2016-10-12_10:43:23  INFO :   -v                 enable verbose mode
2016-10-12_10:43:23  INFO :   -t <TYPE>          Backup Type FULL or INCREMENTAL
2016-10-12_10:43:23  INFO :   -m <MAILADDRESSES> List of Mail Addresses
2016-10-12_10:43:23  INFO : Logfile : /u00/app/oracle/local/log/oud_backup.log
2016-10-12_10:43:23  ERR  : Exit Code 1. Wrong amount of arguments. See usage for correct one.
2016-10-12_10:43:38  START: Start of oud_backup.sh (Version 0.1) with -t FULL
2016-10-12_10:43:38  INFO : processing commandline parameter
2016-10-12_10:43:38  INFO : Define backup set for week 41 as backup_set1
2016-10-12_10:43:38  INFO : Define backup set to be purged for week 37 as backup_set2
2016-10-12_10:43:38  INFO : [oud_pi] Check if oud_pi is running
2016-10-12_10:43:38  INFO : [oud_pi] OUD Instance oud_pi down, no backup will be performed.
2016-10-12_10:43:38  END  : of oud_backup.sh
2016-10-12_10:44:09  START: Start of oud_backup.sh (Version 0.1) with -t FULL -v
2016-10-12_10:44:09  INFO : processing commandline parameter
2016-10-12_10:44:09  INFO : Define backup set for week 41 as backup_set1
2016-10-12_10:44:09  INFO : Define backup set to be purged for week 37 as backup_set2
2016-10-12_10:44:09  INFO : [oud_pi] Check if oud_pi is running
2016-10-12_10:44:09  INFO : [oud_pi] OUD Instance oud_pi down, no backup will be performed.
2016-10-12_10:44:09  END  : of oud_backup.sh
2016-10-12_12:18:39  START: Start of oud_backup.sh (Version 0.1) with -t FULL -v
2016-10-12_12:18:39  INFO : processing commandline parameter
2016-10-12_12:18:39  INFO : Define backup set for week 41 as backup_set1
2016-10-12_12:18:39  INFO : Define backup set to be purged for week 37 as backup_set2
2016-10-12_12:18:39  INFO : [oud_pi] Check if oud_pi is running
2016-10-12_12:18:39  INFO : [oud_pi] OUD Instance oud_pi down, no backup will be performed.
2016-10-12_12:18:39  END  : of oud_backup.sh
