2016-10-12_14:14:10  START: Start of oudbase_install.sh (Version 0.1) with -b /tmp/oudenv
2016-10-12_14:14:10  INFO : processing commandline parameter
2016-10-12_14:14:10  Installing OUD Environment
2016-10-12_14:14:10  Create required directories in ORACLE_BASE=/tmp/oudenv
2016-10-12_14:14:10  Create Directory /tmp/oudenv/etc
2016-10-12_14:14:10  Create Directory /tmp/oudenv/local
2016-10-12_14:14:10  Create Directory /tmp/oudenv/backup
2016-10-12_14:14:10  Create Directory /tmp/oudenv/middleware
2016-10-12_14:14:10  Create Directory /tmp/oudenv/instances
2016-10-12_14:14:10  Extracting file into /tmp/oudenv/local
2016-10-12_14:14:10  Finished
2016-10-12_14:14:10  END  : of oudbase_install.sh
2016-10-12_14:14:23  START: Start of oudbase_install.sh (Version 0.1) with -b /tmp/oudenv
2016-10-12_14:14:23  INFO : processing commandline parameter
2016-10-12_14:14:23  Installing OUD Environment
2016-10-12_14:14:23  Create required directories in ORACLE_BASE=/tmp/oudenv
2016-10-12_14:14:23  Create Directory /tmp/oudenv/etc
2016-10-12_14:14:23  Create Directory /tmp/oudenv/local
2016-10-12_14:14:23  Create Directory /tmp/oudenv/backup
2016-10-12_14:14:23  Create Directory /tmp/oudenv/middleware
2016-10-12_14:14:23  Create Directory /tmp/oudenv/instances
2016-10-12_14:14:23  Extracting file into /tmp/oudenv/local
2016-10-12_14:14:23  Finished
2016-10-12_14:14:23  END  : of oudbase_install.sh
2016-10-12_14:14:25  START: Start of oudbase_install.sh (Version 0.1) with -b /tmp/oudenv
2016-10-12_14:14:25  INFO : processing commandline parameter
2016-10-12_14:14:25  Installing OUD Environment
2016-10-12_14:14:25  Create required directories in ORACLE_BASE=/tmp/oudenv
2016-10-12_14:14:25  Create Directory /tmp/oudenv/etc
2016-10-12_14:14:25  Create Directory /tmp/oudenv/local
2016-10-12_14:14:25  Create Directory /tmp/oudenv/backup
2016-10-12_14:14:25  Create Directory /tmp/oudenv/middleware
2016-10-12_14:14:25  Create Directory /tmp/oudenv/instances
2016-10-12_14:14:25  Extracting file into /tmp/oudenv/local
2016-10-12_14:14:25  Finished
2016-10-12_14:14:25  END  : of oudbase_install.sh
2016-10-12_14:14:26  START: Start of oudbase_install.sh (Version 0.1) with -b /tmp/oudenv
2016-10-12_14:14:26  INFO : processing commandline parameter
2016-10-12_14:14:26  Installing OUD Environment
2016-10-12_14:14:26  Create required directories in ORACLE_BASE=/tmp/oudenv
2016-10-12_14:14:26  Create Directory /tmp/oudenv/etc
2016-10-12_14:14:26  Create Directory /tmp/oudenv/local
2016-10-12_14:14:26  Create Directory /tmp/oudenv/backup
2016-10-12_14:14:26  Create Directory /tmp/oudenv/middleware
2016-10-12_14:14:26  Create Directory /tmp/oudenv/instances
2016-10-12_14:14:26  Extracting file into /tmp/oudenv/local
2016-10-12_14:14:26  Finished
2016-10-12_14:14:26  END  : of oudbase_install.sh
2016-10-12_14:16:10  START: Start of oudbase_install.sh (Version 0.1) with -b /tmp/oudenv
2016-10-12_14:16:10  INFO : processing commandline parameter
2016-10-12_14:16:10  Installing OUD Environment
2016-10-12_14:16:10  Create required directories in ORACLE_BASE=/tmp/oudenv
2016-10-12_14:16:10  Create Directory /tmp/oudenv/etc
2016-10-12_14:16:10  Create Directory /tmp/oudenv/local
2016-10-12_14:16:10  Create Directory /tmp/oudenv/backup
2016-10-12_14:16:10  Create Directory /tmp/oudenv/middleware
2016-10-12_14:16:10  Create Directory /tmp/oudenv/instances
2016-10-12_14:16:10  Extracting file into /tmp/oudenv/local
2016-10-12_14:16:10  Finished
2016-10-12_14:16:10  END  : of oudbase_install.sh
2016-10-12_14:16:25  START: Start of oudbase_install.sh (Version 0.1) with -b /tmp/oudenv
2016-10-12_14:16:25  INFO : processing commandline parameter
2016-10-12_14:16:25  Installing OUD Environment
2016-10-12_14:16:25  Create required directories in ORACLE_BASE=/tmp/oudenv
2016-10-12_14:16:25  Create Directory /tmp/oudenv/etc
2016-10-12_14:16:25  Create Directory /tmp/oudenv/local
2016-10-12_14:16:25  Create Directory /tmp/oudenv/backup
2016-10-12_14:16:25  Create Directory /tmp/oudenv/middleware
2016-10-12_14:16:25  Create Directory /tmp/oudenv/instances
2016-10-12_14:16:25  Extracting file into /tmp/oudenv/local
2016-10-12_14:16:25  Finished
2016-10-12_14:16:25  END  : of oudbase_install.sh
2016-10-12_14:21:33  START: Start of oudbase_install.sh (Version 0.1) with -v -b /tmp/oudenv
2016-10-12_14:21:33  INFO : processing commandline parameter
2016-10-12_14:21:33  Installing OUD Environment
2016-10-12_14:21:33  Create required directories in ORACLE_BASE=/tmp/oudenv
2016-10-12_14:21:33  Create Directory /tmp/oudenv/etc
2016-10-12_14:21:33  Create Directory /tmp/oudenv/local
2016-10-12_14:21:33  Create Directory /tmp/oudenv/backup
2016-10-12_14:21:33  Create Directory /tmp/oudenv/middleware
2016-10-12_14:21:33  Create Directory /tmp/oudenv/instances
2016-10-12_14:21:33  Extracting file into /tmp/oudenv/local
2016-10-12_14:21:33  Please manual adjust your .profile to load / source your OUD Environment
2016-10-12_14:21:33  END  : of oudbase_install.sh
2016-10-12_14:22:00  START: Start of oudbase_install.sh (Version 0.1) with -v -b
2016-10-12_14:22:00  INFO : processing commandline parameter
2016-10-12_14:22:00  INFO : Usage, oudbase_install.sh [-hv] [-b <ORACLE_BASE>] 
2016-10-12_14:22:00  INFO :   [-i <ORACLE_INSTANCE_BASE>] [-m <ORACLE_HOME_BASE>] [-B <OUD_BACKUP_BASE>]
2016-10-12_14:22:00  INFO : 
2016-10-12_14:22:00  INFO :   -h                          Usage (this message)
2016-10-12_14:22:00  INFO :   -v                          enable verbose mode
2016-10-12_14:22:00  INFO :   -b <ORACLE_BASE>            ORACLE_BASE Directory. Mandatory argument.
2016-10-12_14:22:00  INFO :   -i <ORACLE_INSTANCE_BASE>   Base directory for OUD instances (default $ORACLE_BASE/instances)
2016-10-12_14:22:00  INFO :   -m <ORACLE_HOME_BASE>       Base directory for OUD binaries (default $ORACLE_BASE/middleware)
2016-10-12_14:22:00  INFO :   -B <OUD_BACKUP_BASE>        Base directory for OUD backups (default $ORACLE_BASE/backup)
2016-10-12_14:22:00  INFO : 
2016-10-12_14:22:00  INFO : Logfile : /u00/app/oracle/local/log/oudbase_install.log
2016-10-12_14:22:00  ERR  : Exit Code 2. Wrong arguments (-v). See usage for correct one.
2016-10-12_14:22:17  START: Start of oudbase_install.sh (Version 0.1) with -v -b
2016-10-12_14:22:17  INFO : processing commandline parameter
2016-10-12_14:22:17  INFO : Usage, oudbase_install.sh [-hv] [-b <ORACLE_BASE>] 
2016-10-12_14:22:17  INFO :   [-i <ORACLE_INSTANCE_BASE>] [-m <ORACLE_HOME_BASE>] [-B <OUD_BACKUP_BASE>]
2016-10-12_14:22:17  INFO : 
2016-10-12_14:22:17  INFO :   -h                          Usage (this message)
2016-10-12_14:22:17  INFO :   -v                          enable verbose mode
2016-10-12_14:22:17  INFO :   -b <ORACLE_BASE>            ORACLE_BASE Directory. Mandatory argument.
2016-10-12_14:22:17  INFO :   -i <ORACLE_INSTANCE_BASE>   Base directory for OUD instances (default $ORACLE_BASE/instances)
2016-10-12_14:22:17  INFO :   -m <ORACLE_HOME_BASE>       Base directory for OUD binaries (default $ORACLE_BASE/middleware)
2016-10-12_14:22:17  INFO :   -B <OUD_BACKUP_BASE>        Base directory for OUD backups (default $ORACLE_BASE/backup)
2016-10-12_14:22:17  INFO : 
2016-10-12_14:22:17  INFO : Logfile : /u00/app/oracle/local/log/oudbase_install.log
2016-10-12_14:22:17  ERR  : Exit Code 2. Wrong arguments (-v). See usage for correct one.
